[0924/021428.101:INFO:CONSOLE(140)] "Event handler of 'x-storagemutated-1' event must be added on the initial evaluation of worker script.", source: https://static.whatsapp.net/rsrc.php/v3/yP/r/3vDXU-pyfQS.js?_nc_x=Ij3Wp8lg5Kz (140)
[0924/021428.603:INFO:CONSOLE(0)] "Error with Permissions-Policy header: Feature xr-spatial-tracking's parameters are ignored.", source:  (0)
[0924/021428.603:INFO:CONSOLE(0)] "Error with Permissions-Policy header: Origin trial controlled feature not enabled: 'attribution-reporting'.", source:  (0)
[0924/021428.603:INFO:CONSOLE(0)] "Error with Permissions-Policy header: Unrecognized feature: 'compute-pressure'.", source:  (0)
[0924/021428.603:INFO:CONSOLE(0)] "Error with Permissions-Policy header: Origin trial controlled feature not enabled: 'interest-cohort'.", source:  (0)
[0924/021428.603:INFO:CONSOLE(0)] "Error with Permissions-Policy header: Unrecognized feature: 'private-state-token-issuance'.", source:  (0)
[0924/021428.603:INFO:CONSOLE(0)] "Error with Permissions-Policy header: Origin trial controlled feature not enabled: 'shared-storage'.", source:  (0)
[0924/021428.603:INFO:CONSOLE(0)] "Error with Permissions-Policy header: Unrecognized feature: 'shared-storage-select-url'.", source:  (0)
[0924/021428.603:INFO:CONSOLE(0)] "Error with Permissions-Policy header: Unrecognized feature: 'private-state-token-redemption'.", source:  (0)
[0924/021428.603:INFO:CONSOLE(0)] "Error with Permissions-Policy header: Unrecognized feature: 'unload'.", source:  (0)
[0924/021428.603:INFO:CONSOLE(0)] "Error with Permissions-Policy header: Unrecognized feature: 'window-management'.", source:  (0)
[0924/021430.943:INFO:CONSOLE(140)] "Event handler of 'x-storagemutated-1' event must be added on the initial evaluation of worker script.", source: https://static.whatsapp.net/rsrc.php/v3/yP/r/3vDXU-pyfQS.js?_nc_x=Ij3Wp8lg5Kz (140)
[0924/021434.406:INFO:CONSOLE(343)] "WAWebLoggerWorker initialized", source: https://static.whatsapp.net/rsrc.php/v3/yZ/r/l2hRcNpDIIB.js?_nc_x=Ij3Wp8lg5Kz (343)
[0924/021434.414:INFO:CONSOLE(343)] "[storage] start setSchemaVersions from fts worker interface", source: https://static.whatsapp.net/rsrc.php/v3/yZ/r/l2hRcNpDIIB.js?_nc_x=Ij3Wp8lg5Kz (343)
[0924/021434.414:INFO:CONSOLE(343)] "[storage] set schema versions: [model-storage,159,fts-storage,8,jobs-storage,1,lru-media-storage-idb,2,offd-storage,4,qpl-storage,0,signal-storage,6,worker-storage,1,sw,2,wawc,14,wawc_db_enc,2]. is worker? true", source: https://static.whatsapp.net/rsrc.php/v3/yZ/r/l2hRcNpDIIB.js?_nc_x=Ij3Wp8lg5Kz (343)
[0924/021446.665:INFO:CONSOLE(343)] "FTS:Delegate: start indexer", source: https://static.whatsapp.net/rsrc.php/v3/yZ/r/l2hRcNpDIIB.js?_nc_x=Ij3Wp8lg5Kz (343)
[0924/021446.665:INFO:CONSOLE(343)] "FTS:Delegate: start perform init", source: https://static.whatsapp.net/rsrc.php/v3/yZ/r/l2hRcNpDIIB.js?_nc_x=Ij3Wp8lg5Kz (343)
[0924/021446.665:INFO:CONSOLE(343)] "FTS:Delegate: schema versions ready", source: https://static.whatsapp.net/rsrc.php/v3/yZ/r/l2hRcNpDIIB.js?_nc_x=Ij3Wp8lg5Kz (343)
[0924/021446.665:INFO:CONSOLE(343)] "FTS:Delegate: before db initialization", source: https://static.whatsapp.net/rsrc.php/v3/yZ/r/l2hRcNpDIIB.js?_nc_x=Ij3Wp8lg5Kz (343)
[0924/021446.673:INFO:CONSOLE(343)] "[storage] applying schema versions from [0 to 8] for the database: 'fts-storage'", source: https://static.whatsapp.net/rsrc.php/v3/yZ/r/l2hRcNpDIIB.js?_nc_x=Ij3Wp8lg5Kz (343)
[0924/021446.729:INFO:CONSOLE(343)] "[storage] applying schema versions from [0 to 159] for the database: 'model-storage'", source: https://static.whatsapp.net/rsrc.php/v3/yZ/r/l2hRcNpDIIB.js?_nc_x=Ij3Wp8lg5Kz (343)
[0924/021451.807:INFO:CONSOLE(343)] "FTS:Delegate: after db initialization", source: https://static.whatsapp.net/rsrc.php/v3/yZ/r/l2hRcNpDIIB.js?_nc_x=Ij3Wp8lg5Kz (343)
[0924/021451.838:INFO:CONSOLE(343)] "FTS:Manifest Writer: No changes made, current:['3.1', '1'], latest:['3.1', '1']", source: https://static.whatsapp.net/rsrc.php/v3/yZ/r/l2hRcNpDIIB.js?_nc_x=Ij3Wp8lg5Kz (343)
[0924/021451.838:INFO:CONSOLE(343)] "FTS:Delegate: Inited", source: https://static.whatsapp.net/rsrc.php/v3/yZ/r/l2hRcNpDIIB.js?_nc_x=Ij3Wp8lg5Kz (343)
[0924/021451.838:INFO:CONSOLE(343)] "FTS:Delegate: Init indexing ops", source: https://static.whatsapp.net/rsrc.php/v3/yZ/r/l2hRcNpDIIB.js?_nc_x=Ij3Wp8lg5Kz (343)
[0924/021451.854:INFO:CONSOLE(343)] "FTS:Indexer:indexQueuedBatch: Starting new batch size : 1000", source: https://static.whatsapp.net/rsrc.php/v3/yZ/r/l2hRcNpDIIB.js?_nc_x=Ij3Wp8lg5Kz (343)
[0924/021451.854:INFO:CONSOLE(343)] "FTS:Indexer:indexQueuedBatch: Completed", source: https://static.whatsapp.net/rsrc.php/v3/yZ/r/l2hRcNpDIIB.js?_nc_x=Ij3Wp8lg5Kz (343)
[0924/021749.390:INFO:CONSOLE(343)] "FTS:Indexer:indexQueuedBatch: Starting new batch size : 1000", source: https://static.whatsapp.net/rsrc.php/v3/yZ/r/l2hRcNpDIIB.js?_nc_x=Ij3Wp8lg5Kz (343)
[0924/021749.592:INFO:CONSOLE(343)] "FTS:Indexer:indexQueuedBatch: Completed batch", source: https://static.whatsapp.net/rsrc.php/v3/yZ/r/l2hRcNpDIIB.js?_nc_x=Ij3Wp8lg5Kz (343)
[0924/021749.592:INFO:CONSOLE(343)] "FTS:Indexer:indexQueuedBatch: Completed", source: https://static.whatsapp.net/rsrc.php/v3/yZ/r/l2hRcNpDIIB.js?_nc_x=Ij3Wp8lg5Kz (343)
[0924/021805.548:INFO:CONSOLE(343)] "FTS:Indexer:indexQueuedBatch: Starting new batch size : 1000", source: https://static.whatsapp.net/rsrc.php/v3/yZ/r/l2hRcNpDIIB.js?_nc_x=Ij3Wp8lg5Kz (343)
[0924/021805.992:INFO:CONSOLE(343)] "FTS:Indexer:indexQueuedBatch: Completed batch", source: https://static.whatsapp.net/rsrc.php/v3/yZ/r/l2hRcNpDIIB.js?_nc_x=Ij3Wp8lg5Kz (343)
[0924/021806.258:INFO:CONSOLE(343)] "FTS:Indexer:indexQueuedBatch: Completed batch", source: https://static.whatsapp.net/rsrc.php/v3/yZ/r/l2hRcNpDIIB.js?_nc_x=Ij3Wp8lg5Kz (343)
[0924/021806.299:INFO:CONSOLE(343)] "FTS:Indexer:indexQueuedBatch: Completed batch", source: https://static.whatsapp.net/rsrc.php/v3/yZ/r/l2hRcNpDIIB.js?_nc_x=Ij3Wp8lg5Kz (343)
[0924/021806.307:INFO:CONSOLE(343)] "FTS:Indexer:indexQueuedBatch: Completed", source: https://static.whatsapp.net/rsrc.php/v3/yZ/r/l2hRcNpDIIB.js?_nc_x=Ij3Wp8lg5Kz (343)
[0924/021935.178:INFO:CONSOLE(343)] "FTS:Indexer:indexQueuedBatch: Starting new batch size : 1000", source: https://static.whatsapp.net/rsrc.php/v3/yZ/r/l2hRcNpDIIB.js?_nc_x=Ij3Wp8lg5Kz (343)
[0924/021935.397:INFO:CONSOLE(343)] "FTS:Indexer:indexQueuedBatch: Completed batch", source: https://static.whatsapp.net/rsrc.php/v3/yZ/r/l2hRcNpDIIB.js?_nc_x=Ij3Wp8lg5Kz (343)
[0924/021935.405:INFO:CONSOLE(343)] "FTS:Indexer:indexQueuedBatch: Completed", source: https://static.whatsapp.net/rsrc.php/v3/yZ/r/l2hRcNpDIIB.js?_nc_x=Ij3Wp8lg5Kz (343)
[0924/021943.639:INFO:CONSOLE(343)] "FTS:Indexer:indexQueuedBatch: Starting new batch size : 1000", source: https://static.whatsapp.net/rsrc.php/v3/yZ/r/l2hRcNpDIIB.js?_nc_x=Ij3Wp8lg5Kz (343)
[0924/021943.789:INFO:CONSOLE(343)] "FTS:Indexer:indexQueuedBatch: Completed batch", source: https://static.whatsapp.net/rsrc.php/v3/yZ/r/l2hRcNpDIIB.js?_nc_x=Ij3Wp8lg5Kz (343)
[0924/021943.797:INFO:CONSOLE(343)] "FTS:Indexer:indexQueuedBatch: Completed", source: https://static.whatsapp.net/rsrc.php/v3/yZ/r/l2hRcNpDIIB.js?_nc_x=Ij3Wp8lg5Kz (343)
